<?xml version="1.0" encoding="UTF-8"?>
<testng-results skipped="0" failed="0" total="2" passed="2">
  <reporter-output>
  </reporter-output>
  <suite name="Get Api suites" duration-ms="15708" started-at="2020-04-30T09:30:23Z" finished-at="2020-04-30T09:30:39Z">
    <groups>
    </groups>
    <test name="get" duration-ms="15708" started-at="2020-04-30T09:30:23Z" finished-at="2020-04-30T09:30:39Z">
      <class name="testcases.LoginTest">
        <test-method status="PASS" signature="setUp(org.testng.ITestResult)[pri:0, instance:testcases.LoginTest@5e025e70]" name="setUp" is-config="true" duration-ms="9420" started-at="2020-04-30T15:00:24Z" finished-at="2020-04-30T15:00:33Z">
          <params>
            <param index="0">
              <value>
                <![CDATA[[TestResult name=test status=SUCCESS method=LoginTest.test()[pri:0, instance:testcases.LoginTest@5e025e70] output={null}]]]>
              </value>
            </param>
          </params>
          <reporter-output>
          </reporter-output>
        </test-method> <!-- setUp -->
        <test-method status="PASS" signature="setUp(org.testng.ITestResult)[pri:0, instance:testcases.LoginTest@5e025e70]" name="setUp" is-config="true" duration-ms="12925" started-at="2020-04-30T15:00:24Z" finished-at="2020-04-30T15:00:36Z">
          <params>
            <param index="0">
              <value>
                <![CDATA[[TestResult name=test1 status=SUCCESS method=LoginTest.test1()[pri:0, instance:testcases.LoginTest@5e025e70] output={null}]]]>
              </value>
            </param>
          </params>
          <reporter-output>
          </reporter-output>
        </test-method> <!-- setUp -->
        <test-method status="PASS" signature="test()[pri:0, instance:testcases.LoginTest@5e025e70]" name="test" duration-ms="48" started-at="2020-04-30T15:00:33Z" finished-at="2020-04-30T15:00:33Z">
          <reporter-output>
          </reporter-output>
        </test-method> <!-- test -->
        <test-method status="PASS" signature="tearDown(org.testng.ITestResult)[pri:0, instance:testcases.LoginTest@5e025e70]" name="tearDown" is-config="true" duration-ms="2730" started-at="2020-04-30T15:00:33Z" finished-at="2020-04-30T15:00:36Z">
          <params>
            <param index="0">
              <value>
                <![CDATA[[TestResult name=test status=SUCCESS method=LoginTest.test()[pri:0, instance:testcases.LoginTest@5e025e70] output={null}]]]>
              </value>
            </param>
          </params>
          <reporter-output>
          </reporter-output>
        </test-method> <!-- tearDown -->
        <test-method status="PASS" signature="test1()[pri:0, instance:testcases.LoginTest@5e025e70]" name="test1" duration-ms="12" started-at="2020-04-30T15:00:36Z" finished-at="2020-04-30T15:00:36Z">
          <reporter-output>
          </reporter-output>
        </test-method> <!-- test1 -->
        <test-method status="PASS" signature="tearDown(org.testng.ITestResult)[pri:0, instance:testcases.LoginTest@5e025e70]" name="tearDown" is-config="true" duration-ms="2749" started-at="2020-04-30T15:00:36Z" finished-at="2020-04-30T15:00:39Z">
          <params>
            <param index="0">
              <value>
                <![CDATA[[TestResult name=test1 status=SUCCESS method=LoginTest.test1()[pri:0, instance:testcases.LoginTest@5e025e70] output={null}]]]>
              </value>
            </param>
          </params>
          <reporter-output>
          </reporter-output>
        </test-method> <!-- tearDown -->
      </class> <!-- testcases.LoginTest -->
    </test> <!-- get -->
  </suite> <!-- Get Api suites -->
</testng-results>
