<?xml version="1.0" encoding="UTF-8"?>
<testng-results skipped="0" failed="0" total="2" passed="2">
  <reporter-output>
  </reporter-output>
  <suite name="Get Api suites" duration-ms="30552" started-at="2020-04-30T09:03:39Z" finished-at="2020-04-30T09:04:10Z">
    <groups>
    </groups>
    <test name="get" duration-ms="30552" started-at="2020-04-30T09:03:39Z" finished-at="2020-04-30T09:04:10Z">
      <class name="testcases.LoginTest">
        <test-method status="PASS" signature="setUp(org.testng.ITestResult)[pri:0, instance:testcases.LoginTest@4f933fd1]" name="setUp" is-config="true" duration-ms="9706" started-at="2020-04-30T14:33:39Z" finished-at="2020-04-30T14:33:49Z">
          <params>
            <param index="0">
              <value>
                <![CDATA[[TestResult name=test1 status=SUCCESS method=LoginTest.test1()[pri:0, instance:testcases.LoginTest@4f933fd1] output={null}]]]>
              </value>
            </param>
          </params>
          <reporter-output>
          </reporter-output>
        </test-method> <!-- setUp -->
        <test-method status="PASS" signature="setUp(org.testng.ITestResult)[pri:0, instance:testcases.LoginTest@4f933fd1]" name="setUp" is-config="true" duration-ms="27693" started-at="2020-04-30T14:33:39Z" finished-at="2020-04-30T14:34:07Z">
          <params>
            <param index="0">
              <value>
                <![CDATA[[TestResult name=test status=SUCCESS method=LoginTest.test()[pri:0, instance:testcases.LoginTest@4f933fd1] output={null}]]]>
              </value>
            </param>
          </params>
          <reporter-output>
          </reporter-output>
        </test-method> <!-- setUp -->
        <test-method status="PASS" signature="test1()[pri:0, instance:testcases.LoginTest@4f933fd1]" name="test1" duration-ms="58" started-at="2020-04-30T14:33:49Z" finished-at="2020-04-30T14:33:49Z">
          <reporter-output>
          </reporter-output>
        </test-method> <!-- test1 -->
        <test-method status="PASS" signature="tearDown(org.testng.ITestResult)[pri:0, instance:testcases.LoginTest@4f933fd1]" name="tearDown" is-config="true" duration-ms="2831" started-at="2020-04-30T14:33:49Z" finished-at="2020-04-30T14:33:52Z">
          <params>
            <param index="0">
              <value>
                <![CDATA[[TestResult name=test1 status=SUCCESS method=LoginTest.test1()[pri:0, instance:testcases.LoginTest@4f933fd1] output={null}]]]>
              </value>
            </param>
          </params>
          <reporter-output>
          </reporter-output>
        </test-method> <!-- tearDown -->
        <test-method status="PASS" signature="test()[pri:0, instance:testcases.LoginTest@4f933fd1]" name="test" duration-ms="16" started-at="2020-04-30T14:34:07Z" finished-at="2020-04-30T14:34:07Z">
          <reporter-output>
          </reporter-output>
        </test-method> <!-- test -->
        <test-method status="PASS" signature="tearDown(org.testng.ITestResult)[pri:0, instance:testcases.LoginTest@4f933fd1]" name="tearDown" is-config="true" duration-ms="2820" started-at="2020-04-30T14:34:07Z" finished-at="2020-04-30T14:34:10Z">
          <params>
            <param index="0">
              <value>
                <![CDATA[[TestResult name=test status=SUCCESS method=LoginTest.test()[pri:0, instance:testcases.LoginTest@4f933fd1] output={null}]]]>
              </value>
            </param>
          </params>
          <reporter-output>
          </reporter-output>
        </test-method> <!-- tearDown -->
      </class> <!-- testcases.LoginTest -->
    </test> <!-- get -->
  </suite> <!-- Get Api suites -->
</testng-results>
